<?xml version="1.0" encoding="UTF-8"?>
<!-- Generated by org.testng.reporters.JUnitReportReporter -->
<testsuite hostname="SHREERAM" failures="0" tests="1" name="com.bankingproject.testclass.LoginpageVerification" time="3.632" errors="0" timestamp="2022-10-12T14:29:35 IST" skipped="0">
  <testcase classname="com.bankingproject.testclass.LoginpageVerification" name="Loginpage" time="3.632"/>
  <system-out/>
</testsuite> <!-- com.bankingproject.testclass.LoginpageVerification -->
